Using pre-set license

 COMMAND LINE ARGUMENTS:
/Applications/Unity/Hub/Editor/2020.2.6f1/Unity.app/Contents/MacOS/Unity
-adb2
-batchMode
-noUpm
-name
AssetImportWorker0
-projectPath
/Users/anne-claire/Documents/4_Internship/tools/Unity_Detection2AR
-logFile
Logs/AssetImportWorker0.log
-srvPort
57672
Successfully changed project path to: /Users/anne-claire/Documents/4_Internship/tools/Unity_Detection2AR
/Users/anne-claire/Documents/4_Internship/tools/Unity_Detection2AR
Using Asset Import Pipeline V2.
Refreshing native plugins compatible for Editor in 20.71 ms, found 2 plugins.
Preloading 0 native plugins for Editor in 0.00 ms.
Initialize engine version: 2020.2.6f1 (8a2143876886)
[Subsystems] Discovering subsystems at path /Applications/Unity/Hub/Editor/2020.2.6f1/Unity.app/Contents/Resources/UnitySubsystems
[Subsystems] Discovering subsystems at path /Users/anne-claire/Documents/4_Internship/tools/Unity_Detection2AR/Assets
GfxDevice: creating device client; threaded=0
2021-03-01 16:18:18.457 Unity[9414:252270] Color LCD preferred device: Intel(R) UHD Graphics 630 (low power)
2021-03-01 16:18:18.457 Unity[9414:252270] Metal devices available: 2
2021-03-01 16:18:18.457 Unity[9414:252270] 0: AMD Radeon Pro 560X (high power)
2021-03-01 16:18:18.457 Unity[9414:252270] 1: Intel(R) UHD Graphics 630 (low power)
2021-03-01 16:18:18.457 Unity[9414:252270] Using device AMD Radeon Pro 560X (high power)
Initializing Metal device caps: AMD Radeon Pro 560X
Initialize mono
Mono path[0] = '/Applications/Unity/Hub/Editor/2020.2.6f1/Unity.app/Contents/Managed'
Mono path[1] = '/Applications/Unity/Hub/Editor/2020.2.6f1/Unity.app/Contents/MonoBleedingEdge/lib/mono/unityjit'
Mono config path = '/Applications/Unity/Hub/Editor/2020.2.6f1/Unity.app/Contents/MonoBleedingEdge/etc'
Using monoOptions --debugger-agent=transport=dt_socket,embedding=1,server=y,suspend=n,address=127.0.0.1:56414
Begin MonoManager ReloadAssembly
Registering precompiled unity dll's ...
Register platform support module: /Applications/Unity/Hub/Editor/2020.2.6f1/PlaybackEngines/WebGLSupport/UnityEditor.WebGL.Extensions.dll
Register platform support module: /Applications/Unity/Hub/Editor/2020.2.6f1/Unity.app/Contents/PlaybackEngines/MacStandaloneSupport/UnityEditor.OSXStandalone.Extensions.dll
Registered in 0.003716 seconds.
Native extension for OSXStandalone target not found
Native extension for WebGL target not found
Refreshing native plugins compatible for Editor in 11.95 ms, found 2 plugins.
Preloading 0 native plugins for Editor in 0.00 ms.
Invoked RoslynAnalysisRunner static constructor.
RoslynAnalysisRunner will not be running.
RoslynAnalysisRunner has terminated.
Mono: successfully reloaded assembly
- Completed reload, in  2.717 seconds
Platform modules already initialized, skipping
Registering precompiled user dll's ...
Registered in 0.001701 seconds.
Begin MonoManager ReloadAssembly
Native extension for OSXStandalone target not found
Native extension for WebGL target not found
Refreshing native plugins compatible for Editor in 11.64 ms, found 2 plugins.
Preloading 0 native plugins for Editor in 0.00 ms.
Invoked RoslynAnalysisRunner static constructor.
RoslynAnalysisRunner will not be running.
RoslynAnalysisRunner has terminated.
Fallback handler could not load library /Applications/Unity/Hub/Editor/2020.2.6f1/Unity.app/Contents/Frameworks/Mono/lib/libPackages/com.needle.xr.arsimulation/Runtime/Plugins/osx/x64/libARSimulationPlugin.dylib
Fallback handler could not load library /Applications/Unity/Hub/Editor/2020.2.6f1/Unity.app/Contents/Frameworks/Mono/lib/libPackages/com.needle.xr.arsimulation/Runtime/Plugins/osx/x64/libARSimulationPlugin.dylib
Fallback handler could not load library /Applications/Unity/Hub/Editor/2020.2.6f1/Unity.app/Contents/Frameworks/Mono/lib/libPackages/com.needle.xr.arsimulation/Runtime/Plugins/osx/x64/libARSimulationPlugin.dylib.so
Fallback handler could not load library /Applications/Unity/Hub/Editor/2020.2.6f1/Unity.app/Contents/Frameworks/Mono/lib/libPackages/com.needle.xr.arsimulation/Runtime/Plugins/osx/x64/libARSimulationPlugin.dylib.bundle
Mono: successfully reloaded assembly
- Completed reload, in  1.536 seconds
Platform modules already initialized, skipping
========================================================================
Worker process is ready to serve import requests
Launching external process: /Applications/Unity/Hub/Editor/2020.2.6f1/Unity.app/Contents/Tools/UnityShaderCompiler
Launched and connected shader compiler UnityShaderCompiler after 0.02 seconds
Refreshing native plugins compatible for Editor in 0.26 ms, found 2 plugins.
Preloading 0 native plugins for Editor in 0.00 ms.
Unloading 1217 Unused Serialized files (Serialized files now loaded: 0)
System memory in use before: 141.8 MB.
System memory in use after: 141.9 MB.

Unloading 12 unused Assets to reduce memory usage. Loaded Objects now: 1650.
Total: 2.098736 ms (FindLiveObjects: 0.176651 ms CreateObjectMapping: 0.041353 ms MarkObjects: 1.783296 ms  DeleteObjects: 0.096599 ms)

========================================================================
Received Import Request.
  path: Assets/Models/ssd_mobilenet_v1_coco_2018_01_28 1.onnx
  artifactKey: Guid(f870fb12da69a4286a402b65e2c27dfa) Importer(815301076,1909f56bfc062723c751e8b465ee728b)
Start importing Assets/Models/ssd_mobilenet_v1_coco_2018_01_28 1.onnx using Guid(f870fb12da69a4286a402b65e2c27dfa) Importer(815301076,1909f56bfc062723c751e8b465ee728b)  -> (artifact id: '7130292f3820627d8865c6dd814cfce9') in 0.333005 seconds
  Import took 0.335876 seconds .

========================================================================
Received Import Request.
  Time since last request: 383.101343 seconds.
  path: Assets/Scripts/PhoneARCamera.cs
  artifactKey: Guid(92f78a26596dc4161946c702f35b9b54) Importer(815301076,1909f56bfc062723c751e8b465ee728b)
Start importing Assets/Scripts/PhoneARCamera.cs using Guid(92f78a26596dc4161946c702f35b9b54) Importer(815301076,1909f56bfc062723c751e8b465ee728b)  -> (artifact id: '8b166275ad260373ecaf44f95d288751') in 0.304475 seconds
  Import took 0.308232 seconds .

========================================================================
Received Prepare
Registering precompiled user dll's ...
Registered in 0.000892 seconds.
Begin MonoManager ReloadAssembly
Native extension for OSXStandalone target not found
Native extension for WebGL target not found
Refreshing native plugins compatible for Editor in 0.32 ms, found 2 plugins.
Preloading 0 native plugins for Editor in 0.00 ms.
Invoked RoslynAnalysisRunner static constructor.
RoslynAnalysisRunner will not be running.
RoslynAnalysisRunner has terminated.
Fallback handler could not load library /Applications/Unity/Hub/Editor/2020.2.6f1/Unity.app/Contents/Frameworks/Mono/lib/libPackages/com.needle.xr.arsimulation/Runtime/Plugins/osx/x64/libARSimulationPlugin.dylib
Fallback handler could not load library /Applications/Unity/Hub/Editor/2020.2.6f1/Unity.app/Contents/Frameworks/Mono/lib/libPackages/com.needle.xr.arsimulation/Runtime/Plugins/osx/x64/libARSimulationPlugin.dylib
Fallback handler could not load library /Applications/Unity/Hub/Editor/2020.2.6f1/Unity.app/Contents/Frameworks/Mono/lib/libPackages/com.needle.xr.arsimulation/Runtime/Plugins/osx/x64/libARSimulationPlugin.dylib.so
Fallback handler could not load library /Applications/Unity/Hub/Editor/2020.2.6f1/Unity.app/Contents/Frameworks/Mono/lib/libPackages/com.needle.xr.arsimulation/Runtime/Plugins/osx/x64/libARSimulationPlugin.dylib.bundle
Mono: successfully reloaded assembly
- Completed reload, in  1.077 seconds
Platform modules already initialized, skipping
Switching build target platform(2) subTarget(0) extendedPlatform(0) -> platform(13) subTarget(589824) extendedPlatform(0)
Refreshing native plugins compatible for Editor in 0.23 ms, found 2 plugins.
Preloading 0 native plugins for Editor in 0.00 ms.
Unloading 1206 Unused Serialized files (Serialized files now loaded: 0)
System memory in use before: 149.9 MB.
System memory in use after: 149.9 MB.

Unloading 10 unused Assets to reduce memory usage. Loaded Objects now: 1651.
Total: 1.664771 ms (FindLiveObjects: 0.192274 ms CreateObjectMapping: 0.030599 ms MarkObjects: 1.366919 ms  DeleteObjects: 0.074033 ms)

AssetImportParameters requested are different than current active one (requested -> active):
  custom:graphics/normal-map-encoding: 01000000000000000000000000000000 -> 02000000000000000000000000000000
========================================================================
Received Prepare
Registering precompiled user dll's ...
Registered in 0.000854 seconds.
Begin MonoManager ReloadAssembly
Native extension for OSXStandalone target not found
Native extension for WebGL target not found
Refreshing native plugins compatible for Editor in 0.26 ms, found 2 plugins.
Preloading 0 native plugins for Editor in 0.00 ms.
Invoked RoslynAnalysisRunner static constructor.
RoslynAnalysisRunner will not be running.
RoslynAnalysisRunner has terminated.
Fallback handler could not load library /Applications/Unity/Hub/Editor/2020.2.6f1/Unity.app/Contents/Frameworks/Mono/lib/libPackages/com.needle.xr.arsimulation/Runtime/Plugins/osx/x64/libARSimulationPlugin.dylib
Fallback handler could not load library /Applications/Unity/Hub/Editor/2020.2.6f1/Unity.app/Contents/Frameworks/Mono/lib/libPackages/com.needle.xr.arsimulation/Runtime/Plugins/osx/x64/libARSimulationPlugin.dylib
Fallback handler could not load library /Applications/Unity/Hub/Editor/2020.2.6f1/Unity.app/Contents/Frameworks/Mono/lib/libPackages/com.needle.xr.arsimulation/Runtime/Plugins/osx/x64/libARSimulationPlugin.dylib.so
Fallback handler could not load library /Applications/Unity/Hub/Editor/2020.2.6f1/Unity.app/Contents/Frameworks/Mono/lib/libPackages/com.needle.xr.arsimulation/Runtime/Plugins/osx/x64/libARSimulationPlugin.dylib.bundle
Mono: successfully reloaded assembly
- Completed reload, in  0.961 seconds
Platform modules already initialized, skipping
Switching build target platform(2) subTarget(0) extendedPlatform(0) -> platform(13) subTarget(589824) extendedPlatform(0)
Refreshing native plugins compatible for Editor in 0.37 ms, found 2 plugins.
Preloading 0 native plugins for Editor in 0.00 ms.
Unloading 1206 Unused Serialized files (Serialized files now loaded: 0)
System memory in use before: 150.1 MB.
System memory in use after: 150.2 MB.

Unloading 10 unused Assets to reduce memory usage. Loaded Objects now: 1652.
Total: 2.729514 ms (FindLiveObjects: 0.162822 ms CreateObjectMapping: 0.034832 ms MarkObjects: 2.454583 ms  DeleteObjects: 0.076387 ms)

AssetImportParameters requested are different than current active one (requested -> active):
  custom:graphics/normal-map-encoding: 01000000000000000000000000000000 -> 02000000000000000000000000000000
========================================================================
Received Import Request.
  Time since last request: 4613.349352 seconds.
  path: Assets/Scripts/DetectorYolo3.cs
  artifactKey: Guid(e8859dbd01756264a97258b2ba723437) Importer(815301076,1909f56bfc062723c751e8b465ee728b)
Start importing Assets/Scripts/DetectorYolo3.cs using Guid(e8859dbd01756264a97258b2ba723437) Importer(815301076,1909f56bfc062723c751e8b465ee728b)  -> (artifact id: '1adef94cadb71cdbdc76e78519500f7e') in 0.012701 seconds
  Import took 0.015049 seconds .

========================================================================
Received Prepare
Registering precompiled user dll's ...
Registered in 0.000779 seconds.
Begin MonoManager ReloadAssembly
Native extension for OSXStandalone target not found
Native extension for WebGL target not found
Refreshing native plugins compatible for Editor in 0.26 ms, found 2 plugins.
Preloading 0 native plugins for Editor in 0.00 ms.
Invoked RoslynAnalysisRunner static constructor.
RoslynAnalysisRunner will not be running.
RoslynAnalysisRunner has terminated.
Fallback handler could not load library /Applications/Unity/Hub/Editor/2020.2.6f1/Unity.app/Contents/Frameworks/Mono/lib/libPackages/com.needle.xr.arsimulation/Runtime/Plugins/osx/x64/libARSimulationPlugin.dylib
Fallback handler could not load library /Applications/Unity/Hub/Editor/2020.2.6f1/Unity.app/Contents/Frameworks/Mono/lib/libPackages/com.needle.xr.arsimulation/Runtime/Plugins/osx/x64/libARSimulationPlugin.dylib
Fallback handler could not load library /Applications/Unity/Hub/Editor/2020.2.6f1/Unity.app/Contents/Frameworks/Mono/lib/libPackages/com.needle.xr.arsimulation/Runtime/Plugins/osx/x64/libARSimulationPlugin.dylib.so
Fallback handler could not load library /Applications/Unity/Hub/Editor/2020.2.6f1/Unity.app/Contents/Frameworks/Mono/lib/libPackages/com.needle.xr.arsimulation/Runtime/Plugins/osx/x64/libARSimulationPlugin.dylib.bundle
Mono: successfully reloaded assembly
- Completed reload, in  0.955 seconds
Platform modules already initialized, skipping
Switching build target platform(2) subTarget(0) extendedPlatform(0) -> platform(13) subTarget(589824) extendedPlatform(0)
Refreshing native plugins compatible for Editor in 0.25 ms, found 2 plugins.
Preloading 0 native plugins for Editor in 0.00 ms.
Unloading 1206 Unused Serialized files (Serialized files now loaded: 0)
System memory in use before: 150.4 MB.
System memory in use after: 150.4 MB.

Unloading 10 unused Assets to reduce memory usage. Loaded Objects now: 1653.
Total: 1.814875 ms (FindLiveObjects: 0.160044 ms CreateObjectMapping: 0.039406 ms MarkObjects: 1.548500 ms  DeleteObjects: 0.065604 ms)

AssetImportParameters requested are different than current active one (requested -> active):
  custom:graphics/normal-map-encoding: 01000000000000000000000000000000 -> 02000000000000000000000000000000
