Using pre-set license

 COMMAND LINE ARGUMENTS:
/Applications/Unity/Hub/Editor/2020.2.6f1/Unity.app/Contents/MacOS/Unity
-adb2
-batchMode
-noUpm
-name
AssetImportWorker0
-projectPath
/Users/anne-claire/Documents/4_Internship/tools/Unity_Detection2AR
-logFile
Logs/AssetImportWorker0.log
-srvPort
56281
Successfully changed project path to: /Users/anne-claire/Documents/4_Internship/tools/Unity_Detection2AR
/Users/anne-claire/Documents/4_Internship/tools/Unity_Detection2AR
Using Asset Import Pipeline V2.
Refreshing native plugins compatible for Editor in 16.72 ms, found 2 plugins.
Preloading 0 native plugins for Editor in 0.00 ms.
Initialize engine version: 2020.2.6f1 (8a2143876886)
[Subsystems] Discovering subsystems at path /Applications/Unity/Hub/Editor/2020.2.6f1/Unity.app/Contents/Resources/UnitySubsystems
[Subsystems] Discovering subsystems at path /Users/anne-claire/Documents/4_Internship/tools/Unity_Detection2AR/Assets
GfxDevice: creating device client; threaded=0
2021-03-01 13:17:27.606 Unity[8981:211896] Color LCD preferred device: Intel(R) UHD Graphics 630 (low power)
2021-03-01 13:17:27.606 Unity[8981:211896] Metal devices available: 2
2021-03-01 13:17:27.606 Unity[8981:211896] 0: AMD Radeon Pro 560X (high power)
2021-03-01 13:17:27.606 Unity[8981:211896] 1: Intel(R) UHD Graphics 630 (low power)
2021-03-01 13:17:27.606 Unity[8981:211896] Using device AMD Radeon Pro 560X (high power)
Initializing Metal device caps: AMD Radeon Pro 560X
Initialize mono
Mono path[0] = '/Applications/Unity/Hub/Editor/2020.2.6f1/Unity.app/Contents/Managed'
Mono path[1] = '/Applications/Unity/Hub/Editor/2020.2.6f1/Unity.app/Contents/MonoBleedingEdge/lib/mono/unityjit'
Mono config path = '/Applications/Unity/Hub/Editor/2020.2.6f1/Unity.app/Contents/MonoBleedingEdge/etc'
Using monoOptions --debugger-agent=transport=dt_socket,embedding=1,server=y,suspend=n,address=127.0.0.1:56981
Begin MonoManager ReloadAssembly
Registering precompiled unity dll's ...
Register platform support module: /Applications/Unity/Hub/Editor/2020.2.6f1/PlaybackEngines/WebGLSupport/UnityEditor.WebGL.Extensions.dll
Register platform support module: /Applications/Unity/Hub/Editor/2020.2.6f1/Unity.app/Contents/PlaybackEngines/MacStandaloneSupport/UnityEditor.OSXStandalone.Extensions.dll
Registered in 0.003589 seconds.
Native extension for OSXStandalone target not found
Native extension for WebGL target not found
Refreshing native plugins compatible for Editor in 11.28 ms, found 2 plugins.
Preloading 0 native plugins for Editor in 0.00 ms.
Invoked RoslynAnalysisRunner static constructor.
RoslynAnalysisRunner will not be running.
RoslynAnalysisRunner has terminated.
Mono: successfully reloaded assembly
- Completed reload, in  2.472 seconds
Platform modules already initialized, skipping
Registering precompiled user dll's ...
Registered in 0.000553 seconds.
Begin MonoManager ReloadAssembly
Native extension for OSXStandalone target not found
Native extension for WebGL target not found
Refreshing native plugins compatible for Editor in 12.78 ms, found 2 plugins.
Preloading 0 native plugins for Editor in 0.00 ms.
Invoked RoslynAnalysisRunner static constructor.
RoslynAnalysisRunner will not be running.
RoslynAnalysisRunner has terminated.
Fallback handler could not load library /Applications/Unity/Hub/Editor/2020.2.6f1/Unity.app/Contents/Frameworks/Mono/lib/libPackages/com.needle.xr.arsimulation/Runtime/Plugins/osx/x64/libARSimulationPlugin.dylib
Fallback handler could not load library /Applications/Unity/Hub/Editor/2020.2.6f1/Unity.app/Contents/Frameworks/Mono/lib/libPackages/com.needle.xr.arsimulation/Runtime/Plugins/osx/x64/libARSimulationPlugin.dylib
Fallback handler could not load library /Applications/Unity/Hub/Editor/2020.2.6f1/Unity.app/Contents/Frameworks/Mono/lib/libPackages/com.needle.xr.arsimulation/Runtime/Plugins/osx/x64/libARSimulationPlugin.dylib.so
Fallback handler could not load library /Applications/Unity/Hub/Editor/2020.2.6f1/Unity.app/Contents/Frameworks/Mono/lib/libPackages/com.needle.xr.arsimulation/Runtime/Plugins/osx/x64/libARSimulationPlugin.dylib.bundle
Mono: successfully reloaded assembly
- Completed reload, in  1.392 seconds
Platform modules already initialized, skipping
========================================================================
Worker process is ready to serve import requests
Launching external process: /Applications/Unity/Hub/Editor/2020.2.6f1/Unity.app/Contents/Tools/UnityShaderCompiler
Launched and connected shader compiler UnityShaderCompiler after 0.01 seconds
Refreshing native plugins compatible for Editor in 0.25 ms, found 2 plugins.
Preloading 0 native plugins for Editor in 0.00 ms.
Unloading 1217 Unused Serialized files (Serialized files now loaded: 0)
System memory in use before: 141.8 MB.
System memory in use after: 141.9 MB.

Unloading 12 unused Assets to reduce memory usage. Loaded Objects now: 1650.
Total: 2.303555 ms (FindLiveObjects: 0.181310 ms CreateObjectMapping: 0.050007 ms MarkObjects: 1.974752 ms  DeleteObjects: 0.095869 ms)

========================================================================
Received Import Request.
  path: Assets/Scripts/PhoneARCamera.cs
  artifactKey: Guid(92f78a26596dc4161946c702f35b9b54) Importer(815301076,1909f56bfc062723c751e8b465ee728b)
Start importing Assets/Scripts/PhoneARCamera.cs using Guid(92f78a26596dc4161946c702f35b9b54) Importer(815301076,1909f56bfc062723c751e8b465ee728b)  -> (artifact id: '7db85147994514d74b2716e4019441c8') in 0.348533 seconds
  Import took 0.352055 seconds .

========================================================================
Received Prepare
Registering precompiled user dll's ...
Registered in 0.000890 seconds.
Begin MonoManager ReloadAssembly
Native extension for OSXStandalone target not found
Native extension for WebGL target not found
Refreshing native plugins compatible for Editor in 0.72 ms, found 2 plugins.
Preloading 0 native plugins for Editor in 0.00 ms.
Invoked RoslynAnalysisRunner static constructor.
RoslynAnalysisRunner will not be running.
RoslynAnalysisRunner has terminated.
Fallback handler could not load library /Applications/Unity/Hub/Editor/2020.2.6f1/Unity.app/Contents/Frameworks/Mono/lib/libPackages/com.needle.xr.arsimulation/Runtime/Plugins/osx/x64/libARSimulationPlugin.dylib
Fallback handler could not load library /Applications/Unity/Hub/Editor/2020.2.6f1/Unity.app/Contents/Frameworks/Mono/lib/libPackages/com.needle.xr.arsimulation/Runtime/Plugins/osx/x64/libARSimulationPlugin.dylib
Fallback handler could not load library /Applications/Unity/Hub/Editor/2020.2.6f1/Unity.app/Contents/Frameworks/Mono/lib/libPackages/com.needle.xr.arsimulation/Runtime/Plugins/osx/x64/libARSimulationPlugin.dylib.so
Fallback handler could not load library /Applications/Unity/Hub/Editor/2020.2.6f1/Unity.app/Contents/Frameworks/Mono/lib/libPackages/com.needle.xr.arsimulation/Runtime/Plugins/osx/x64/libARSimulationPlugin.dylib.bundle
Mono: successfully reloaded assembly
- Completed reload, in  1.043 seconds
Platform modules already initialized, skipping
Switching build target platform(2) subTarget(0) extendedPlatform(0) -> platform(13) subTarget(589824) extendedPlatform(0)
Refreshing native plugins compatible for Editor in 0.25 ms, found 2 plugins.
Preloading 0 native plugins for Editor in 0.00 ms.
Unloading 1206 Unused Serialized files (Serialized files now loaded: 0)
System memory in use before: 146.6 MB.
System memory in use after: 146.6 MB.

Unloading 10 unused Assets to reduce memory usage. Loaded Objects now: 1651.
Total: 1.852847 ms (FindLiveObjects: 0.237869 ms CreateObjectMapping: 0.040439 ms MarkObjects: 1.477663 ms  DeleteObjects: 0.095915 ms)

AssetImportParameters requested are different than current active one (requested -> active):
  custom:graphics/normal-map-encoding: 01000000000000000000000000000000 -> 02000000000000000000000000000000
